pkg_config: checking for pkg-config for yaml-0.1... -------------------- ["-Ic:/Ruby34-x64/msys64/ucrt64/bin/../include ", "-Lc:/Ruby34-x64/msys64/ucrt64/bin/../lib", "-lyaml"]

PATH=".;c:/Ruby34-x64/lib;c:\Ruby34-x64\bin;c:\Ruby34-x64\msys64\ucrt64\bin;c:\Ruby34-x64\msys64\usr\bin;C:\Users\welli\.local\share\gem\ruby\3.4.0\bin;c:\Ruby34-x64\lib\ruby\gems\3.4.0\bin;c:\Ruby34-x64\bin;C:\Windows\system32;C:\Windows;C:\Windows\System32\Wbem;C:\Windows\System32\WindowsPowerShell\v1.0\;C:\Windows\System32\OpenSSH\;C:\Program Files\nodejs\;C:\Program Files\Git\cmd;C:\Users\welli\AppData\Local\Android\Sdk\platform-tools;%ANDROID_HOME%\emulator;C:\Program Files\MySQL\MySQL Server 9.3\bin;C:\Ruby34-x64\bin;C:\Users\welli\AppData\Local\Microsoft\WindowsApps;C:\Users\welli\AppData\Local\Programs\Microsoft VS Code\bin;C:\Users\welli\AppData\Roaming\npm;C:\Users\welli\AppData\Local\GitHubDesktop\bin;" ASAN_OPTIONS=detect_leaks=0 x86_64-w64-mingw32-pkg-config --exists yaml-0.1
PATH=".;c:/Ruby34-x64/lib;c:\Ruby34-x64\bin;c:\Ruby34-x64\msys64\ucrt64\bin;c:\Ruby34-x64\msys64\usr\bin;C:\Users\welli\.local\share\gem\ruby\3.4.0\bin;c:\Ruby34-x64\lib\ruby\gems\3.4.0\bin;c:\Ruby34-x64\bin;C:\Windows\system32;C:\Windows;C:\Windows\System32\Wbem;C:\Windows\System32\WindowsPowerShell\v1.0\;C:\Windows\System32\OpenSSH\;C:\Program Files\nodejs\;C:\Program Files\Git\cmd;C:\Users\welli\AppData\Local\Android\Sdk\platform-tools;%ANDROID_HOME%\emulator;C:\Program Files\MySQL\MySQL Server 9.3\bin;C:\Ruby34-x64\bin;C:\Users\welli\AppData\Local\Microsoft\WindowsApps;C:\Users\welli\AppData\Local\Programs\Microsoft VS Code\bin;C:\Users\welli\AppData\Roaming\npm;C:\Users\welli\AppData\Local\GitHubDesktop\bin;" ASAN_OPTIONS=detect_leaks=0 x86_64-w64-mingw32-pkg-config --libs yaml-0.1 |
=> "-Lc:/Ruby34-x64/msys64/ucrt64/bin/../lib -lyaml\n"
PATH=".;c:/Ruby34-x64/lib;c:\Ruby34-x64\bin;c:\Ruby34-x64\msys64\ucrt64\bin;c:\Ruby34-x64\msys64\usr\bin;C:\Users\welli\.local\share\gem\ruby\3.4.0\bin;c:\Ruby34-x64\lib\ruby\gems\3.4.0\bin;c:\Ruby34-x64\bin;C:\Windows\system32;C:\Windows;C:\Windows\System32\Wbem;C:\Windows\System32\WindowsPowerShell\v1.0\;C:\Windows\System32\OpenSSH\;C:\Program Files\nodejs\;C:\Program Files\Git\cmd;C:\Users\welli\AppData\Local\Android\Sdk\platform-tools;%ANDROID_HOME%\emulator;C:\Program Files\MySQL\MySQL Server 9.3\bin;C:\Ruby34-x64\bin;C:\Users\welli\AppData\Local\Microsoft\WindowsApps;C:\Users\welli\AppData\Local\Programs\Microsoft VS Code\bin;C:\Users\welli\AppData\Roaming\npm;C:\Users\welli\AppData\Local\GitHubDesktop\bin;" ASAN_OPTIONS=detect_leaks=0 "gcc -o conftest.exe -Ic:/Ruby34-x64/include/ruby-3.4.0/x64-mingw-ucrt -Ic:/Ruby34-x64/include/ruby-3.4.0/ruby/backward -Ic:/Ruby34-x64/include/ruby-3.4.0 -I. -D_WIN32_WINNT=0x0600 -D__MINGW_USE_VC2005_COMPAT -D_FILE_OFFSET_BITS=64  -DYAML_DECLARE_STATIC -O3 -fstack-protector-strong conftest.c -L. -Lc:/Ruby34-x64/lib -L. -pipe -s -fstack-protector-strong -lpthread -Wl,--no-as-needed     -lx64-ucrt-ruby340  -lshell32 -lws2_32 -liphlpapi -limagehlp -lshlwapi -lbcrypt  "
checked program was:
/* begin */
1: #include "ruby.h"
2: 
3: #include <winsock2.h>
4: #include <windows.h>
5: int main(int argc, char **argv)
6: {
7:   return !!argv[argc];
8: }
/* end */

PATH=".;c:/Ruby34-x64/lib;c:\Ruby34-x64\bin;c:\Ruby34-x64\msys64\ucrt64\bin;c:\Ruby34-x64\msys64\usr\bin;C:\Users\welli\.local\share\gem\ruby\3.4.0\bin;c:\Ruby34-x64\lib\ruby\gems\3.4.0\bin;c:\Ruby34-x64\bin;C:\Windows\system32;C:\Windows;C:\Windows\System32\Wbem;C:\Windows\System32\WindowsPowerShell\v1.0\;C:\Windows\System32\OpenSSH\;C:\Program Files\nodejs\;C:\Program Files\Git\cmd;C:\Users\welli\AppData\Local\Android\Sdk\platform-tools;%ANDROID_HOME%\emulator;C:\Program Files\MySQL\MySQL Server 9.3\bin;C:\Ruby34-x64\bin;C:\Users\welli\AppData\Local\Microsoft\WindowsApps;C:\Users\welli\AppData\Local\Programs\Microsoft VS Code\bin;C:\Users\welli\AppData\Roaming\npm;C:\Users\welli\AppData\Local\GitHubDesktop\bin;" ASAN_OPTIONS=detect_leaks=0 "gcc -o conftest.exe -Ic:/Ruby34-x64/include/ruby-3.4.0/x64-mingw-ucrt -Ic:/Ruby34-x64/include/ruby-3.4.0/ruby/backward -Ic:/Ruby34-x64/include/ruby-3.4.0 -I. -D_WIN32_WINNT=0x0600 -D__MINGW_USE_VC2005_COMPAT -D_FILE_OFFSET_BITS=64  -DYAML_DECLARE_STATIC -O3 -fstack-protector-strong conftest.c -L. -Lc:/Ruby34-x64/lib -L. -pipe -s -fstack-protector-strong -lpthread -Wl,--no-as-needed -Lc:/Ruby34-x64/msys64/ucrt64/bin/../lib -lyaml    -lx64-ucrt-ruby340  -lshell32 -lws2_32 -liphlpapi -limagehlp -lshlwapi -lbcrypt  "
checked program was:
/* begin */
1: #include "ruby.h"
2: 
3: #include <winsock2.h>
4: #include <windows.h>
5: int main(int argc, char **argv)
6: {
7:   return !!argv[argc];
8: }
/* end */

PATH=".;c:/Ruby34-x64/lib;c:\Ruby34-x64\bin;c:\Ruby34-x64\msys64\ucrt64\bin;c:\Ruby34-x64\msys64\usr\bin;C:\Users\welli\.local\share\gem\ruby\3.4.0\bin;c:\Ruby34-x64\lib\ruby\gems\3.4.0\bin;c:\Ruby34-x64\bin;C:\Windows\system32;C:\Windows;C:\Windows\System32\Wbem;C:\Windows\System32\WindowsPowerShell\v1.0\;C:\Windows\System32\OpenSSH\;C:\Program Files\nodejs\;C:\Program Files\Git\cmd;C:\Users\welli\AppData\Local\Android\Sdk\platform-tools;%ANDROID_HOME%\emulator;C:\Program Files\MySQL\MySQL Server 9.3\bin;C:\Ruby34-x64\bin;C:\Users\welli\AppData\Local\Microsoft\WindowsApps;C:\Users\welli\AppData\Local\Programs\Microsoft VS Code\bin;C:\Users\welli\AppData\Roaming\npm;C:\Users\welli\AppData\Local\GitHubDesktop\bin;" ASAN_OPTIONS=detect_leaks=0 x86_64-w64-mingw32-pkg-config --cflags-only-I yaml-0.1 |
=> "-Ic:/Ruby34-x64/msys64/ucrt64/bin/../include\n"
PATH=".;c:/Ruby34-x64/lib;c:\Ruby34-x64\bin;c:\Ruby34-x64\msys64\ucrt64\bin;c:\Ruby34-x64\msys64\usr\bin;C:\Users\welli\.local\share\gem\ruby\3.4.0\bin;c:\Ruby34-x64\lib\ruby\gems\3.4.0\bin;c:\Ruby34-x64\bin;C:\Windows\system32;C:\Windows;C:\Windows\System32\Wbem;C:\Windows\System32\WindowsPowerShell\v1.0\;C:\Windows\System32\OpenSSH\;C:\Program Files\nodejs\;C:\Program Files\Git\cmd;C:\Users\welli\AppData\Local\Android\Sdk\platform-tools;%ANDROID_HOME%\emulator;C:\Program Files\MySQL\MySQL Server 9.3\bin;C:\Ruby34-x64\bin;C:\Users\welli\AppData\Local\Microsoft\WindowsApps;C:\Users\welli\AppData\Local\Programs\Microsoft VS Code\bin;C:\Users\welli\AppData\Roaming\npm;C:\Users\welli\AppData\Local\GitHubDesktop\bin;" ASAN_OPTIONS=detect_leaks=0 x86_64-w64-mingw32-pkg-config --cflags-only-other yaml-0.1 |
=> "\n"
PATH=".;c:/Ruby34-x64/lib;c:\Ruby34-x64\bin;c:\Ruby34-x64\msys64\ucrt64\bin;c:\Ruby34-x64\msys64\usr\bin;C:\Users\welli\.local\share\gem\ruby\3.4.0\bin;c:\Ruby34-x64\lib\ruby\gems\3.4.0\bin;c:\Ruby34-x64\bin;C:\Windows\system32;C:\Windows;C:\Windows\System32\Wbem;C:\Windows\System32\WindowsPowerShell\v1.0\;C:\Windows\System32\OpenSSH\;C:\Program Files\nodejs\;C:\Program Files\Git\cmd;C:\Users\welli\AppData\Local\Android\Sdk\platform-tools;%ANDROID_HOME%\emulator;C:\Program Files\MySQL\MySQL Server 9.3\bin;C:\Ruby34-x64\bin;C:\Users\welli\AppData\Local\Microsoft\WindowsApps;C:\Users\welli\AppData\Local\Programs\Microsoft VS Code\bin;C:\Users\welli\AppData\Roaming\npm;C:\Users\welli\AppData\Local\GitHubDesktop\bin;" ASAN_OPTIONS=detect_leaks=0 x86_64-w64-mingw32-pkg-config --libs-only-l yaml-0.1 |
=> "-lyaml\n"
package configuration for yaml-0.1
incflags: -Ic:/Ruby34-x64/msys64/ucrt64/bin/../include
cflags: 
ldflags: -Lc:/Ruby34-x64/msys64/ucrt64/bin/../lib
libs: -lyaml

--------------------

find_header: checking for yaml.h... -------------------- yes

PATH=".;c:/Ruby34-x64/lib;c:\Ruby34-x64\bin;c:\Ruby34-x64\msys64\ucrt64\bin;c:\Ruby34-x64\msys64\usr\bin;C:\Users\welli\.local\share\gem\ruby\3.4.0\bin;c:\Ruby34-x64\lib\ruby\gems\3.4.0\bin;c:\Ruby34-x64\bin;C:\Windows\system32;C:\Windows;C:\Windows\System32\Wbem;C:\Windows\System32\WindowsPowerShell\v1.0\;C:\Windows\System32\OpenSSH\;C:\Program Files\nodejs\;C:\Program Files\Git\cmd;C:\Users\welli\AppData\Local\Android\Sdk\platform-tools;%ANDROID_HOME%\emulator;C:\Program Files\MySQL\MySQL Server 9.3\bin;C:\Ruby34-x64\bin;C:\Users\welli\AppData\Local\Microsoft\WindowsApps;C:\Users\welli\AppData\Local\Programs\Microsoft VS Code\bin;C:\Users\welli\AppData\Roaming\npm;C:\Users\welli\AppData\Local\GitHubDesktop\bin;" ASAN_OPTIONS=detect_leaks=0 "gcc -Ic:/Ruby34-x64/include/ruby-3.4.0/x64-mingw-ucrt -Ic:/Ruby34-x64/include/ruby-3.4.0/ruby/backward -Ic:/Ruby34-x64/include/ruby-3.4.0 -I. -Ic:/Ruby34-x64/msys64/ucrt64/bin/../include -D_WIN32_WINNT=0x0600 -D__MINGW_USE_VC2005_COMPAT -D_FILE_OFFSET_BITS=64  -DYAML_DECLARE_STATIC -O3 -fstack-protector-strong    -c conftest.c"
checked program was:
/* begin */
1: #include "ruby.h"
2: 
3: #include <winsock2.h>
4: #include <windows.h>
5: #include <yaml.h>
/* end */

--------------------

find_library: checking for yaml_get_version() in -lyaml... -------------------- yes

PATH=".;c:/Ruby34-x64/lib;c:\Ruby34-x64\bin;c:\Ruby34-x64\msys64\ucrt64\bin;c:\Ruby34-x64\msys64\usr\bin;C:\Users\welli\.local\share\gem\ruby\3.4.0\bin;c:\Ruby34-x64\lib\ruby\gems\3.4.0\bin;c:\Ruby34-x64\bin;C:\Windows\system32;C:\Windows;C:\Windows\System32\Wbem;C:\Windows\System32\WindowsPowerShell\v1.0\;C:\Windows\System32\OpenSSH\;C:\Program Files\nodejs\;C:\Program Files\Git\cmd;C:\Users\welli\AppData\Local\Android\Sdk\platform-tools;%ANDROID_HOME%\emulator;C:\Program Files\MySQL\MySQL Server 9.3\bin;C:\Ruby34-x64\bin;C:\Users\welli\AppData\Local\Microsoft\WindowsApps;C:\Users\welli\AppData\Local\Programs\Microsoft VS Code\bin;C:\Users\welli\AppData\Roaming\npm;C:\Users\welli\AppData\Local\GitHubDesktop\bin;" ASAN_OPTIONS=detect_leaks=0 "gcc -o conftest.exe -Ic:/Ruby34-x64/include/ruby-3.4.0/x64-mingw-ucrt -Ic:/Ruby34-x64/include/ruby-3.4.0/ruby/backward -Ic:/Ruby34-x64/include/ruby-3.4.0 -I. -Ic:/Ruby34-x64/msys64/ucrt64/bin/../include -D_WIN32_WINNT=0x0600 -D__MINGW_USE_VC2005_COMPAT -D_FILE_OFFSET_BITS=64  -DYAML_DECLARE_STATIC -O3 -fstack-protector-strong  conftest.c -L. -Lc:/Ruby34-x64/lib -L. -pipe -s -fstack-protector-strong -lpthread -Wl,--no-as-needed -Lc:/Ruby34-x64/msys64/ucrt64/bin/../lib     -lyaml -lx64-ucrt-ruby340 -lyaml  -lyaml -lshell32 -lws2_32 -liphlpapi -limagehlp -lshlwapi -lbcrypt  "
conftest.c: In function 't':
conftest.c:17:57: error: 'yaml_get_version' undeclared (first use in this function)
   17 | int t(void) { void ((*volatile p)()); p = (void ((*)()))yaml_get_version; return !p; }
      |                                                         ^~~~~~~~~~~~~~~~
conftest.c:17:57: note: each undeclared identifier is reported only once for each function it appears in
checked program was:
/* begin */
 1: #include "ruby.h"
 2: 
 3: #include <winsock2.h>
 4: #include <windows.h>
 5: 
 6: /*top*/
 7: extern int t(void);
 8: int main(int argc, char **argv)
 9: {
10:   if (argc > 1000000) {
11:     int (* volatile tp)(void)=(int (*)(void))&t;
12:     printf("%d", (*tp)());
13:   }
14: 
15:   return !!argv[argc];
16: }
17: int t(void) { void ((*volatile p)()); p = (void ((*)()))yaml_get_version; return !p; }
/* end */

PATH=".;c:/Ruby34-x64/lib;c:\Ruby34-x64\bin;c:\Ruby34-x64\msys64\ucrt64\bin;c:\Ruby34-x64\msys64\usr\bin;C:\Users\welli\.local\share\gem\ruby\3.4.0\bin;c:\Ruby34-x64\lib\ruby\gems\3.4.0\bin;c:\Ruby34-x64\bin;C:\Windows\system32;C:\Windows;C:\Windows\System32\Wbem;C:\Windows\System32\WindowsPowerShell\v1.0\;C:\Windows\System32\OpenSSH\;C:\Program Files\nodejs\;C:\Program Files\Git\cmd;C:\Users\welli\AppData\Local\Android\Sdk\platform-tools;%ANDROID_HOME%\emulator;C:\Program Files\MySQL\MySQL Server 9.3\bin;C:\Ruby34-x64\bin;C:\Users\welli\AppData\Local\Microsoft\WindowsApps;C:\Users\welli\AppData\Local\Programs\Microsoft VS Code\bin;C:\Users\welli\AppData\Roaming\npm;C:\Users\welli\AppData\Local\GitHubDesktop\bin;" ASAN_OPTIONS=detect_leaks=0 "gcc -o conftest.exe -Ic:/Ruby34-x64/include/ruby-3.4.0/x64-mingw-ucrt -Ic:/Ruby34-x64/include/ruby-3.4.0/ruby/backward -Ic:/Ruby34-x64/include/ruby-3.4.0 -I. -Ic:/Ruby34-x64/msys64/ucrt64/bin/../include -D_WIN32_WINNT=0x0600 -D__MINGW_USE_VC2005_COMPAT -D_FILE_OFFSET_BITS=64  -DYAML_DECLARE_STATIC -O3 -fstack-protector-strong  conftest.c -L. -Lc:/Ruby34-x64/lib -L. -pipe -s -fstack-protector-strong -lpthread -Wl,--no-as-needed -Lc:/Ruby34-x64/msys64/ucrt64/bin/../lib     -lyaml -lx64-ucrt-ruby340 -lyaml  -lyaml -lshell32 -lws2_32 -liphlpapi -limagehlp -lshlwapi -lbcrypt  "
checked program was:
/* begin */
 1: #include "ruby.h"
 2: 
 3: #include <winsock2.h>
 4: #include <windows.h>
 5: 
 6: /*top*/
 7: extern int t(void);
 8: int main(int argc, char **argv)
 9: {
10:   if (argc > 1000000) {
11:     int (* volatile tp)(void)=(int (*)(void))&t;
12:     printf("%d", (*tp)());
13:   }
14: 
15:   return !!argv[argc];
16: }
17: extern void yaml_get_version();
18: int t(void) { yaml_get_version(); return 0; }
/* end */

--------------------

