current directory: c:/Users/welli/OneDrive/Desktop/Projeto-Ruby/lib/ruby/3.4.0/gems/date-3.4.1/ext/date
c:/Ruby34-x64/bin/ruby.exe extconf.rb
checking for rb_category_warn()... yes
checking for timezone in time.h with -Werror... no
checking for altzone in time.h with -Werror... no
creating Makefile

current directory: c:/Users/welli/OneDrive/Desktop/Projeto-Ruby/lib/ruby/3.4.0/gems/date-3.4.1/ext/date
make DESTDIR\= sitearchdir\=./.gem.20250704-15684-u9ddp6 sitelibdir\=./.gem.20250704-15684-u9ddp6 clean

current directory: c:/Users/welli/OneDrive/Desktop/Projeto-Ruby/lib/ruby/3.4.0/gems/date-3.4.1/ext/date
make DESTDIR\= sitearchdir\=./.gem.20250704-15684-u9ddp6 sitelibdir\=./.gem.20250704-15684-u9ddp6
generating date_core-x64-mingw-ucrt.def
compiling date_core.c
compiling date_parse.c
compiling date_strftime.c
compiling date_strptime.c
linking shared-object date_core.so

current directory: c:/Users/welli/OneDrive/Desktop/Projeto-Ruby/lib/ruby/3.4.0/gems/date-3.4.1/ext/date
make DESTDIR\= sitearchdir\=./.gem.20250704-15684-u9ddp6 sitelibdir\=./.gem.20250704-15684-u9ddp6 install
/usr/bin/install -c -m 0755 date_core.so ./.gem.20250704-15684-u9ddp6

current directory: c:/Users/welli/OneDrive/Desktop/Projeto-Ruby/lib/ruby/3.4.0/gems/date-3.4.1/ext/date
make DESTDIR\= sitearchdir\=./.gem.20250704-15684-u9ddp6 sitelibdir\=./.gem.20250704-15684-u9ddp6 clean
