append_cflags: checking for whether -std=gnu99 is accepted as CFLAGS... -------------------- yes

PATH=".;c:/Ruby34-x64/lib;c:\Ruby34-x64\bin;c:\Ruby34-x64\msys64\ucrt64\bin;c:\Ruby34-x64\msys64\usr\bin;C:\Users\welli\.local\share\gem\ruby\3.4.0\bin;c:\Ruby34-x64\lib\ruby\gems\3.4.0\bin;c:\Ruby34-x64\bin;C:\Windows\system32;C:\Windows;C:\Windows\System32\Wbem;C:\Windows\System32\WindowsPowerShell\v1.0\;C:\Windows\System32\OpenSSH\;C:\Program Files\nodejs\;C:\Program Files\Git\cmd;C:\Users\welli\AppData\Local\Android\Sdk\platform-tools;%ANDROID_HOME%\emulator;C:\Program Files\MySQL\MySQL Server 9.3\bin;C:\Ruby34-x64\bin;C:\Users\welli\AppData\Local\Microsoft\WindowsApps;C:\Users\welli\AppData\Local\Programs\Microsoft VS Code\bin;C:\Users\welli\AppData\Roaming\npm;C:\Users\welli\AppData\Local\GitHubDesktop\bin;" ASAN_OPTIONS=detect_leaks=0 "gcc -o conftest.exe -Ic:/Ruby34-x64/include/ruby-3.4.0/x64-mingw-ucrt -Ic:/Ruby34-x64/include/ruby-3.4.0/ruby/backward -Ic:/Ruby34-x64/include/ruby-3.4.0 -I. -I./../../include -D_WIN32_WINNT=0x0600 -D__MINGW_USE_VC2005_COMPAT -D_FILE_OFFSET_BITS=64  -O3 -fstack-protector-strong conftest.c -L. -Lc:/Ruby34-x64/lib -L. -pipe -s -fstack-protector-strong -lpthread -Wl,--no-as-needed     -lx64-ucrt-ruby340  -lshell32 -lws2_32 -liphlpapi -limagehlp -lshlwapi -lbcrypt  "
checked program was:
/* begin */
1: #include "ruby.h"
2: 
3: #include <winsock2.h>
4: #include <windows.h>
5: int main(int argc, char **argv)
6: {
7:   return !!argv[argc];
8: }
/* end */

PATH=".;c:/Ruby34-x64/lib;c:\Ruby34-x64\bin;c:\Ruby34-x64\msys64\ucrt64\bin;c:\Ruby34-x64\msys64\usr\bin;C:\Users\welli\.local\share\gem\ruby\3.4.0\bin;c:\Ruby34-x64\lib\ruby\gems\3.4.0\bin;c:\Ruby34-x64\bin;C:\Windows\system32;C:\Windows;C:\Windows\System32\Wbem;C:\Windows\System32\WindowsPowerShell\v1.0\;C:\Windows\System32\OpenSSH\;C:\Program Files\nodejs\;C:\Program Files\Git\cmd;C:\Users\welli\AppData\Local\Android\Sdk\platform-tools;%ANDROID_HOME%\emulator;C:\Program Files\MySQL\MySQL Server 9.3\bin;C:\Ruby34-x64\bin;C:\Users\welli\AppData\Local\Microsoft\WindowsApps;C:\Users\welli\AppData\Local\Programs\Microsoft VS Code\bin;C:\Users\welli\AppData\Roaming\npm;C:\Users\welli\AppData\Local\GitHubDesktop\bin;" ASAN_OPTIONS=detect_leaks=0 "gcc -Ic:/Ruby34-x64/include/ruby-3.4.0/x64-mingw-ucrt -Ic:/Ruby34-x64/include/ruby-3.4.0/ruby/backward -Ic:/Ruby34-x64/include/ruby-3.4.0 -I. -I./../../include -D_WIN32_WINNT=0x0600 -D__MINGW_USE_VC2005_COMPAT -D_FILE_OFFSET_BITS=64  -O3 -fstack-protector-strong  -std=gnu99 -Werror -c conftest.c"
checked program was:
/* begin */
1: #include "ruby.h"
2: 
3: #include <winsock2.h>
4: #include <windows.h>
5: int main(int argc, char **argv)
6: {
7:   return !!argv[argc];
8: }
/* end */

--------------------

